<?xml version="1.0" encoding="UTF-8"?>
<testsuite xmlns:xsi="http://www.w3.org/2001/XMLSchema-instance" xsi:noNamespaceSchemaLocation="https://maven.apache.org/surefire/maven-surefire-plugin/xsd/surefire-test-report-3.0.xsd" version="3.0" name="org.apache.click.MockPrincipalTest" time="0.093" tests="2" errors="0" skipped="0" failures="0">
  <properties>
    <property name="awt.toolkit" value="sun.awt.X11.XToolkit"/>
    <property name="java.specification.version" value="11"/>
    <property name="sun.cpu.isalist" value=""/>
    <property name="sun.jnu.encoding" value="UTF-8"/>
    <property name="java.class.path" value="/home/gilberto.andrade/tmp/GILBERTOCA/click/mock/target/test-classes:/home/gilberto.andrade/tmp/GILBERTOCA/click/mock/target/classes:/home/gilberto.andrade/.m2/repository/org/apache/click/click-nodeps/2.4.0/click-nodeps-2.4.0.jar:/home/gilberto.andrade/.m2/repository/org/apache/velocity/velocity/1.7/velocity-1.7.jar:/home/gilberto.andrade/.m2/repository/commons-collections/commons-collections/3.2.1/commons-collections-3.2.1.jar:/home/gilberto.andrade/.m2/repository/commons-io/commons-io/2.2/commons-io-2.2.jar:/home/gilberto.andrade/.m2/repository/commons-fileupload/commons-fileupload/1.3/commons-fileupload-1.3.jar:/home/gilberto.andrade/.m2/repository/commons-codec/commons-codec/1.6/commons-codec-1.6.jar:/home/gilberto.andrade/.m2/repository/commons-lang/commons-lang/2.5/commons-lang-2.5.jar:/home/gilberto.andrade/.m2/repository/ognl/ognl/2.6.9/ognl-2.6.9.jar:/home/gilberto.andrade/.m2/repository/junit/junit/4.13.2/junit-4.13.2.jar:/home/gilberto.andrade/.m2/repository/org/hamcrest/hamcrest-core/1.3/hamcrest-core-1.3.jar:/home/gilberto.andrade/.m2/repository/javax/servlet/javax.servlet-api/3.1.0/javax.servlet-api-3.1.0.jar:"/>
    <property name="java.vm.vendor" value="Azul Systems, Inc."/>
    <property name="sun.arch.data.model" value="64"/>
    <property name="java.vendor.url" value="http://www.azul.com/"/>
    <property name="user.timezone" value=""/>
    <property name="java.vm.specification.version" value="11"/>
    <property name="os.name" value="Linux"/>
    <property name="sun.java.launcher" value="SUN_STANDARD"/>
    <property name="user.country" value="BR"/>
    <property name="sun.boot.library.path" value="/opt/jdk/zulu11.70.15-ca-fx-jdk11.0.22-linux_x64/lib"/>
    <property name="sun.java.command" value="/home/gilberto.andrade/tmp/GILBERTOCA/click/mock/target/surefire/surefirebooter-20241212160309327_3.jar /home/gilberto.andrade/tmp/GILBERTOCA/click/mock/target/surefire 2024-12-12T16-03-09_264-jvmRun1 surefire-20241212160309327_1tmp surefire_0-20241212160309327_2tmp"/>
    <property name="jdk.debug" value="release"/>
    <property name="surefire.test.class.path" value="/home/gilberto.andrade/tmp/GILBERTOCA/click/mock/target/test-classes:/home/gilberto.andrade/tmp/GILBERTOCA/click/mock/target/classes:/home/gilberto.andrade/.m2/repository/org/apache/click/click-nodeps/2.4.0/click-nodeps-2.4.0.jar:/home/gilberto.andrade/.m2/repository/org/apache/velocity/velocity/1.7/velocity-1.7.jar:/home/gilberto.andrade/.m2/repository/commons-collections/commons-collections/3.2.1/commons-collections-3.2.1.jar:/home/gilberto.andrade/.m2/repository/commons-io/commons-io/2.2/commons-io-2.2.jar:/home/gilberto.andrade/.m2/repository/commons-fileupload/commons-fileupload/1.3/commons-fileupload-1.3.jar:/home/gilberto.andrade/.m2/repository/commons-codec/commons-codec/1.6/commons-codec-1.6.jar:/home/gilberto.andrade/.m2/repository/commons-lang/commons-lang/2.5/commons-lang-2.5.jar:/home/gilberto.andrade/.m2/repository/ognl/ognl/2.6.9/ognl-2.6.9.jar:/home/gilberto.andrade/.m2/repository/junit/junit/4.13.2/junit-4.13.2.jar:/home/gilberto.andrade/.m2/repository/org/hamcrest/hamcrest-core/1.3/hamcrest-core-1.3.jar:/home/gilberto.andrade/.m2/repository/javax/servlet/javax.servlet-api/3.1.0/javax.servlet-api-3.1.0.jar:"/>
    <property name="sun.cpu.endian" value="little"/>
    <property name="user.home" value="/home/gilberto.andrade"/>
    <property name="user.language" value="pt"/>
    <property name="java.specification.vendor" value="Oracle Corporation"/>
    <property name="java.version.date" value="2024-01-16"/>
    <property name="java.home" value="/opt/jdk/zulu11.70.15-ca-fx-jdk11.0.22-linux_x64"/>
    <property name="file.separator" value="/"/>
    <property name="basedir" value="/home/gilberto.andrade/tmp/GILBERTOCA/click/mock"/>
    <property name="java.vm.compressedOopsMode" value="Zero based"/>
    <property name="line.separator" value="&#10;"/>
    <property name="java.specification.name" value="Java Platform API Specification"/>
    <property name="java.vm.specification.vendor" value="Oracle Corporation"/>
    <property name="jdk.vendor.version" value="Zulu11.70+15-CA"/>
    <property name="java.awt.graphicsenv" value="sun.awt.X11GraphicsEnvironment"/>
    <property name="surefire.real.class.path" value="/home/gilberto.andrade/tmp/GILBERTOCA/click/mock/target/surefire/surefirebooter-20241212160309327_3.jar"/>
    <property name="sun.management.compiler" value="HotSpot 64-Bit Tiered Compilers"/>
    <property name="java.runtime.version" value="11.0.22+7-LTS"/>
    <property name="user.name" value="gilberto.andrade"/>
    <property name="path.separator" value=":"/>
    <property name="os.version" value="5.14.21-150500.55.83-default"/>
    <property name="java.runtime.name" value="OpenJDK Runtime Environment"/>
    <property name="file.encoding" value="UTF-8"/>
    <property name="java.vm.name" value="OpenJDK 64-Bit Server VM"/>
    <property name="java.vendor.version" value="Zulu11.70+15-CA"/>
    <property name="localRepository" value="/home/gilberto.andrade/.m2/repository"/>
    <property name="java.vendor.url.bug" value="http://www.azul.com/support/"/>
    <property name="java.io.tmpdir" value="/tmp"/>
    <property name="java.version" value="11.0.22"/>
    <property name="user.dir" value="/home/gilberto.andrade/tmp/GILBERTOCA/click/mock"/>
    <property name="os.arch" value="amd64"/>
    <property name="java.vm.specification.name" value="Java Virtual Machine Specification"/>
    <property name="java.awt.printerjob" value="sun.print.PSPrinterJob"/>
    <property name="sun.os.patch.level" value="unknown"/>
    <property name="java.library.path" value="/usr/java/packages/lib:/usr/lib64:/lib64:/lib:/usr/lib"/>
    <property name="java.vm.info" value="mixed mode"/>
    <property name="java.vendor" value="Azul Systems, Inc."/>
    <property name="java.vm.version" value="11.0.22+7-LTS"/>
    <property name="java.specification.maintenance.version" value="2"/>
    <property name="sun.io.unicode.encoding" value="UnicodeLittle"/>
    <property name="java.class.version" value="55.0"/>
  </properties>
  <testcase name="testGetRemoteUser" classname="org.apache.click.MockPrincipalTest" time="0.061"/>
  <testcase name="testUserInRole" classname="org.apache.click.MockPrincipalTest" time="0.0"/>
</testsuite>